<?xml version="1.0" encoding="UTF-8"?>
<!-- Generated by org.testng.reporters.JUnitReportReporter -->
<testsuite skipped="0" hostname="DESKTOP-7PTG32V" name="com.selenium.testng.TestGroup1" tests="3" failures="0" timestamp="24 May 2018 22:08:40 GMT" time="0.014" errors="0">
  <testcase name="tc_2" time="0.002" classname="com.selenium.testng.TestGroup1"/>
  <testcase name="tc_3" time="0.001" classname="com.selenium.testng.TestGroup1"/>
  <testcase name="tc_1" time="0.011" classname="com.selenium.testng.TestGroup1"/>
</testsuite> <!-- com.selenium.testng.TestGroup1 -->
