<?xml version="1.0" encoding="UTF-8"?>
<!-- Generated by org.testng.reporters.JUnitReportReporter -->
<testsuite skipped="0" hostname="DESKTOP-7PTG32V" name="com.selenium.testng.Test2" tests="3" failures="0" timestamp="24 May 2018 18:36:31 GMT" time="0.010" errors="0">
  <testcase name="tc_4" time="0.002" classname="com.selenium.testng.Test2"/>
  <testcase name="tc_6" time="0.005" classname="com.selenium.testng.Test2"/>
  <testcase name="tc_5" time="0.003" classname="com.selenium.testng.Test2"/>
</testsuite> <!-- com.selenium.testng.Test2 -->
