<?xml version="1.0" encoding="UTF-8"?>
<!-- Generated by org.testng.reporters.JUnitReportReporter -->
<testsuite skipped="0" hostname="DESKTOP-7PTG32V" name="com.selenium.testng.TestNgDemo" tests="2" failures="0" timestamp="24 May 2018 17:20:16 GMT" time="0.016" errors="0">
  <testcase name="tc_1" time="0.008" classname="com.selenium.testng.TestNgDemo"/>
  <testcase name="tc_2" time="0.008" classname="com.selenium.testng.TestNgDemo"/>
</testsuite> <!-- com.selenium.testng.TestNgDemo -->
