<?xml version="1.0" encoding="UTF-8"?>
<!-- Generated by org.testng.reporters.JUnitReportReporter -->
<testsuite skipped="0" hostname="DESKTOP-7PTG32V" name="com.selenium.testng.ParallelTestExecution_1" tests="6" failures="0" timestamp="24 May 2018 21:03:56 GMT" time="0.018" errors="0">
  <testcase name="tc_4" time="0.011" classname="com.selenium.testng.ParallelTestExecution_1"/>
  <testcase name="tc_6" time="0.001" classname="com.selenium.testng.ParallelTestExecution_1"/>
  <testcase name="tc_4" time="0.001" classname="com.selenium.testng.ParallelTestExecution_1"/>
  <testcase name="tc_6" time="0.002" classname="com.selenium.testng.ParallelTestExecution_1"/>
  <testcase name="tc_5" time="0.002" classname="com.selenium.testng.ParallelTestExecution_1"/>
  <testcase name="tc_5" time="0.001" classname="com.selenium.testng.ParallelTestExecution_1"/>
</testsuite> <!-- com.selenium.testng.ParallelTestExecution_1 -->
