<?xml version="1.0" encoding="UTF-8"?>
<!-- Generated by org.testng.reporters.JUnitReportReporter -->
<testsuite skipped="0" hostname="DESKTOP-7PTG32V" name="com.selenium.testng.TestGroup2" tests="2" failures="0" timestamp="24 May 2018 22:08:40 GMT" time="0.004" errors="0">
  <testcase name="tc_4" time="0.002" classname="com.selenium.testng.TestGroup2"/>
  <testcase name="tc_6" time="0.002" classname="com.selenium.testng.TestGroup2"/>
</testsuite> <!-- com.selenium.testng.TestGroup2 -->
